<?xml version="1.0" encoding="UTF-8"?>
<!-- Generated by org.testng.reporters.JUnitReportReporter -->
<testsuite skipped="2" hostname="Chetuiwk255" name="com.qa.APITest.com.qa.APITest.AddBookTest" tests="3" failures="0" timestamp="08 Apr 2019 17:45:47 GMT" time="3.667" errors="0">
  <testcase name="staticpayloadJSONtest" time="3.667" classname="com.qa.APITest.com.qa.APITest.AddBookTest"/>
  <testcase name="AddbookthroughJSONtest" classname="com.qa.APITest.com.qa.APITest.AddBookTest">
    <skipped/>
  </testcase> <!-- AddbookthroughJSONtest -->
  <testcase name="Addbookusingdataprovider" classname="com.qa.APITest.com.qa.APITest.AddBookTest">
    <skipped/>
  </testcase> <!-- Addbookusingdataprovider -->
</testsuite> <!-- com.qa.APITest.com.qa.APITest.AddBookTest -->
