<?xml version="1.0" encoding="UTF-8"?>
<!-- Generated by org.testng.reporters.JUnitReportReporter -->
<testsuite skipped="0" hostname="Chetuiwk255" name="com.qa.APITest.com.qa.APITest.AddBookTest" tests="1" failures="0" timestamp="06 Apr 2019 13:55:35 GMT" time="3.332" errors="0">
  <testcase name="addanddeleteplacethroughJSONtest" time="3.332" classname="com.qa.APITest.com.qa.APITest.AddBookTest"/>
</testsuite> <!-- com.qa.APITest.com.qa.APITest.AddBookTest -->
