<?xml version="1.0" encoding="UTF-8"?>
<!-- Generated by org.testng.reporters.JUnitReportReporter -->
<testsuite skipped="2" hostname="Chetuiwk255" name="com.qa.JIRAAPITests.CreateIssue" tests="3" failures="0" timestamp="10 Apr 2019 17:32:41 GMT" time="2.394" errors="0">
  <testcase name="BlankSessionid" time="2.394" classname="com.qa.JIRAAPITests.CreateIssue"/>
  <testcase name="InvalidSessionid" classname="com.qa.JIRAAPITests.CreateIssue">
    <skipped/>
  </testcase> <!-- InvalidSessionid -->
  <testcase name="CreateissueinJIRA" classname="com.qa.JIRAAPITests.CreateIssue">
    <skipped/>
  </testcase> <!-- CreateissueinJIRA -->
</testsuite> <!-- com.qa.JIRAAPITests.CreateIssue -->
